2022/08/17 13:57:16 [notice] 1#1: using the "epoll" event method
2022/08/17 13:57:16 [notice] 1#1: nginx/1.23.1
2022/08/17 13:57:16 [notice] 1#1: built by gcc 10.2.1 20210110 (Debian 10.2.1-6) 
2022/08/17 13:57:16 [notice] 1#1: OS: Linux 5.15.0-1011-aws
2022/08/17 13:57:16 [notice] 1#1: getrlimit(RLIMIT_NOFILE): 1048576:1048576
2022/08/17 13:57:16 [notice] 1#1: start worker processes
2022/08/17 13:57:16 [notice] 1#1: start worker process 31
2022/08/17 13:58:24 [notice] 1#1: signal 3 (SIGQUIT) received, shutting down
2022/08/17 13:58:24 [notice] 31#31: gracefully shutting down
2022/08/17 13:58:24 [notice] 31#31: exiting
2022/08/17 13:58:24 [notice] 31#31: exit
2022/08/17 13:58:24 [notice] 1#1: signal 17 (SIGCHLD) received from 31
2022/08/17 13:58:24 [notice] 1#1: worker process 31 exited with code 0
2022/08/17 13:58:24 [notice] 1#1: exit
2022/08/17 13:59:46 [notice] 1#1: using the "epoll" event method
2022/08/17 13:59:46 [notice] 1#1: nginx/1.23.1
2022/08/17 13:59:46 [notice] 1#1: built by gcc 10.2.1 20210110 (Debian 10.2.1-6) 
2022/08/17 13:59:46 [notice] 1#1: OS: Linux 5.15.0-1011-aws
2022/08/17 13:59:46 [notice] 1#1: getrlimit(RLIMIT_NOFILE): 1048576:1048576
2022/08/17 13:59:46 [notice] 1#1: start worker processes
2022/08/17 13:59:46 [notice] 1#1: start worker process 31
2022/08/17 14:00:12 [notice] 1#1: signal 3 (SIGQUIT) received, shutting down
2022/08/17 14:00:12 [notice] 31#31: gracefully shutting down
2022/08/17 14:00:13 [notice] 31#31: exiting
2022/08/17 14:00:13 [notice] 31#31: exit
2022/08/17 14:00:13 [notice] 1#1: signal 17 (SIGCHLD) received from 31
2022/08/17 14:00:13 [notice] 1#1: worker process 31 exited with code 0
2022/08/17 14:00:13 [notice] 1#1: exit
